Traceback (most recent call last):
  File "C:\Users\MarieSimon\anaconda3\envs\python37\lib\site-packages\jupyter_cache\executors\utils.py", line 64, in single_nb_execution
    **kwargs,
  File "C:\Users\MarieSimon\anaconda3\envs\python37\lib\site-packages\nbclient\client.py", line 1204, in execute
    return NotebookClient(nb=nb, resources=resources, km=km, **kwargs).execute()
  File "C:\Users\MarieSimon\anaconda3\envs\python37\lib\site-packages\nbclient\util.py", line 84, in wrapped
    return just_run(coro(*args, **kwargs))
  File "C:\Users\MarieSimon\anaconda3\envs\python37\lib\site-packages\nbclient\util.py", line 62, in just_run
    return loop.run_until_complete(coro)
  File "C:\Users\MarieSimon\anaconda3\envs\python37\lib\asyncio\base_events.py", line 587, in run_until_complete
    return future.result()
  File "C:\Users\MarieSimon\anaconda3\envs\python37\lib\site-packages\nbclient\client.py", line 664, in async_execute
    cell, index, execution_count=self.code_cells_executed + 1
  File "C:\Users\MarieSimon\anaconda3\envs\python37\lib\site-packages\nbclient\client.py", line 965, in async_execute_cell
    await self._check_raise_for_error(cell, cell_index, exec_reply)
  File "C:\Users\MarieSimon\anaconda3\envs\python37\lib\site-packages\nbclient\client.py", line 862, in _check_raise_for_error
    raise CellExecutionError.from_cell_and_msg(cell, exec_reply_content)
nbclient.exceptions.CellExecutionError: An error occurred while executing the following cell:
------------------
using HTTP, Cascadia, Gumbo
using DataFrames
keyword = "semi-skimmed-milk-pint"

# Base URL
url_base       = "https://groceries.morrisons.com/search?entry="
results_url    = string(url_base, keyword)              # Construct the URL for the search results page
results_html   = HTTP.get(results_url)                  # Get the HTML for the search results page
results_parsed = parsehtml(String(results_html.body))   # Parse the HTML for the search results page
------------------

ArgumentError: Package HTTP not found in current path.
- Run `import Pkg; Pkg.add("HTTP")` to install the HTTP package.

Stacktrace:
 [1] macro expansion
   @ .\loading.jl:1163 [inlined]
 [2] macro expansion
   @ .\lock.jl:223 [inlined]
 [3] require(into::Module, mod::Symbol)
   @ Base .\loading.jl:1144
LoadError: ArgumentError: Package HTTP not found in current path.
- Run `import Pkg; Pkg.add("HTTP")` to install the HTTP package.

